  main.cpp
C:\Users\endo\source\repos\DrawSeeker\DrawSeeker\main.cpp(119,19): warning C4566: ユニバーサル文字名 '\u00A5' によって表示されている文字は、現在のコード ページ (932) で表示できません
C:\Users\endo\source\repos\DrawSeeker\DrawSeeker\main.cpp(119,24): warning C4305: '=': 'int' から '_Ty' へ切り詰めます。
          with
          [
              _Ty=GLchar
          ]
C:\Users\endo\source\repos\DrawSeeker\DrawSeeker\main.cpp(119,19): warning C4309: '=': 定数値が切り捨てられました。
C:\Users\endo\source\repos\DrawSeeker\DrawSeeker\main.cpp(199,3): warning C4566: ユニバーサル文字名 '\u00A5' によって表示されている文字は、現在のコード ページ (932) で表示できません
C:\Users\endo\source\repos\DrawSeeker\DrawSeeker\main.cpp(200,3): warning C4566: ユニバーサル文字名 '\u00A5' によって表示されている文字は、現在のコード ページ (932) で表示できません
C:\Users\endo\source\repos\DrawSeeker\DrawSeeker\main.cpp(201,3): warning C4566: ユニバーサル文字名 '\u00A5' によって表示されている文字は、現在のコード ページ (932) で表示できません
C:\Users\endo\source\repos\DrawSeeker\DrawSeeker\main.cpp(202,3): warning C4566: ユニバーサル文字名 '\u00A5' によって表示されている文字は、現在のコード ページ (932) で表示できません
C:\Users\endo\source\repos\DrawSeeker\DrawSeeker\main.cpp(203,3): warning C4566: ユニバーサル文字名 '\u00A5' によって表示されている文字は、現在のコード ページ (932) で表示できません
C:\Users\endo\source\repos\DrawSeeker\DrawSeeker\main.cpp(204,3): warning C4566: ユニバーサル文字名 '\u00A5' によって表示されている文字は、現在のコード ページ (932) で表示できません
C:\Users\endo\source\repos\DrawSeeker\DrawSeeker\main.cpp(207,3): warning C4566: ユニバーサル文字名 '\u00A5' によって表示されている文字は、現在のコード ページ (932) で表示できません
C:\Users\endo\source\repos\DrawSeeker\DrawSeeker\main.cpp(208,3): warning C4566: ユニバーサル文字名 '\u00A5' によって表示されている文字は、現在のコード ページ (932) で表示できません
C:\Users\endo\source\repos\DrawSeeker\DrawSeeker\main.cpp(209,3): warning C4566: ユニバーサル文字名 '\u00A5' によって表示されている文字は、現在のコード ページ (932) で表示できません
C:\Users\endo\source\repos\DrawSeeker\DrawSeeker\main.cpp(210,3): warning C4566: ユニバーサル文字名 '\u00A5' によって表示されている文字は、現在のコード ページ (932) で表示できません
C:\Users\endo\source\repos\DrawSeeker\DrawSeeker\main.cpp(211,3): warning C4566: ユニバーサル文字名 '\u00A5' によって表示されている文字は、現在のコード ページ (932) で表示できません
C:\Users\endo\source\repos\DrawSeeker\DrawSeeker\main.cpp(212,3): warning C4566: ユニバーサル文字名 '\u00A5' によって表示されている文字は、現在のコード ページ (932) で表示できません
  DrawSeeker.vcxproj -> C:\Users\endo\source\repos\DrawSeeker\x64\Debug\DrawSeeker.exe
